find_header: checking for prism.h in /Users/yannakoun/Project/Perso/exo-jc/.vendor/ruby/3.2.0/gems/prism-0.30.0/include... -------------------- yes

DYLD_FALLBACK_LIBRARY_PATH=.:/Users/yannakoun/.rvm/rubies/ruby-3.2.2/lib "gcc -o conftest -I/Users/yannakoun/.rvm/rubies/ruby-3.2.2/include/ruby-3.2.0/arm64-darwin22 -I/Users/yannakoun/.rvm/rubies/ruby-3.2.2/include/ruby-3.2.0/ruby/backward -I/Users/yannakoun/.rvm/rubies/ruby-3.2.2/include/ruby-3.2.0 -I. -D_XOPEN_SOURCE -D_DARWIN_C_SOURCE -D_DARWIN_UNLIMITED_SELECT -D_REENTRANT   -O3 -I/opt/homebrew/opt/libyaml/include -I/opt/homebrew/opt/libksba/include -I/opt/homebrew/opt/readline/include -I/opt/homebrew/opt/zlib/include -I/opt/homebrew/opt/openssl@1.1/include -fdeclspec -O3 -fno-fast-math -ggdb3 -Wall -Wextra -Wextra-tokens -Wdeprecated-declarations -Wdivision-by-zero -Wdiv-by-zero -Wimplicit-function-declaration -Wimplicit-int -Wmisleading-indentation -Wpointer-arith -Wshorten-64-to-32 -Wwrite-strings -Wold-style-definition -Wmissing-noreturn -Wno-cast-function-type -Wno-constant-logical-operand -Wno-long-long -Wno-missing-field-initializers -Wno-overlength-strings -Wno-parentheses-equality -Wno-self-assign -Wno-tautological-compare -Wno-unused-parameter -Wno-unused-value -Wunused-variable -Wundef -fno-common -pipe conftest.c  -L. -L/Users/yannakoun/.rvm/rubies/ruby-3.2.2/lib -L. -L/opt/homebrew/opt/libyaml/lib -L/opt/homebrew/opt/libksba/lib -L/opt/homebrew/opt/readline/lib -L/opt/homebrew/opt/zlib/lib -L/opt/homebrew/opt/openssl@1.1/lib -fstack-protector-strong     -lruby.3.2  -lpthread  "
checked program was:
/* begin */
1: #include "ruby.h"
2: 
3: int main(int argc, char **argv)
4: {
5:   return !!argv[argc];
6: }
/* end */

DYLD_FALLBACK_LIBRARY_PATH=.:/Users/yannakoun/.rvm/rubies/ruby-3.2.2/lib "gcc -I/Users/yannakoun/.rvm/rubies/ruby-3.2.2/include/ruby-3.2.0/arm64-darwin22 -I/Users/yannakoun/.rvm/rubies/ruby-3.2.2/include/ruby-3.2.0/ruby/backward -I/Users/yannakoun/.rvm/rubies/ruby-3.2.2/include/ruby-3.2.0 -I. -D_XOPEN_SOURCE -D_DARWIN_C_SOURCE -D_DARWIN_UNLIMITED_SELECT -D_REENTRANT   -O3 -I/opt/homebrew/opt/libyaml/include -I/opt/homebrew/opt/libksba/include -I/opt/homebrew/opt/readline/include -I/opt/homebrew/opt/zlib/include -I/opt/homebrew/opt/openssl@1.1/include -fdeclspec -O3 -fno-fast-math -ggdb3 -Wall -Wextra -Wextra-tokens -Wdeprecated-declarations -Wdivision-by-zero -Wdiv-by-zero -Wimplicit-function-declaration -Wimplicit-int -Wmisleading-indentation -Wpointer-arith -Wshorten-64-to-32 -Wwrite-strings -Wold-style-definition -Wmissing-noreturn -Wno-cast-function-type -Wno-constant-logical-operand -Wno-long-long -Wno-missing-field-initializers -Wno-overlength-strings -Wno-parentheses-equality -Wno-self-assign -Wno-tautological-compare -Wno-unused-parameter -Wno-unused-value -Wunused-variable -Wundef -fno-common -pipe   -c conftest.c"
conftest.c:3:10: fatal error: 'prism.h' file not found
#include <prism.h>
         ^~~~~~~~~
1 error generated.
checked program was:
/* begin */
1: #include "ruby.h"
2: 
3: #include <prism.h>
/* end */

DYLD_FALLBACK_LIBRARY_PATH=.:/Users/yannakoun/.rvm/rubies/ruby-3.2.2/lib "gcc -I/Users/yannakoun/.rvm/rubies/ruby-3.2.2/include/ruby-3.2.0/arm64-darwin22 -I/Users/yannakoun/.rvm/rubies/ruby-3.2.2/include/ruby-3.2.0/ruby/backward -I/Users/yannakoun/.rvm/rubies/ruby-3.2.2/include/ruby-3.2.0 -I. -D_XOPEN_SOURCE -D_DARWIN_C_SOURCE -D_DARWIN_UNLIMITED_SELECT -D_REENTRANT   -O3 -I/opt/homebrew/opt/libyaml/include -I/opt/homebrew/opt/libksba/include -I/opt/homebrew/opt/readline/include -I/opt/homebrew/opt/zlib/include -I/opt/homebrew/opt/openssl@1.1/include -fdeclspec -O3 -fno-fast-math -ggdb3 -Wall -Wextra -Wextra-tokens -Wdeprecated-declarations -Wdivision-by-zero -Wdiv-by-zero -Wimplicit-function-declaration -Wimplicit-int -Wmisleading-indentation -Wpointer-arith -Wshorten-64-to-32 -Wwrite-strings -Wold-style-definition -Wmissing-noreturn -Wno-cast-function-type -Wno-constant-logical-operand -Wno-long-long -Wno-missing-field-initializers -Wno-overlength-strings -Wno-parentheses-equality -Wno-self-assign -Wno-tautological-compare -Wno-unused-parameter -Wno-unused-value -Wunused-variable -Wundef -fno-common -pipe  -I/Users/yannakoun/Project/Perso/exo-jc/.vendor/ruby/3.2.0/gems/prism-0.30.0/include -c conftest.c"
checked program was:
/* begin */
1: #include "ruby.h"
2: 
3: #include <prism.h>
/* end */

--------------------

find_header: checking for prism/extension.h in /Users/yannakoun/Project/Perso/exo-jc/.vendor/ruby/3.2.0/gems/prism-0.30.0/ext... -------------------- yes

DYLD_FALLBACK_LIBRARY_PATH=.:/Users/yannakoun/.rvm/rubies/ruby-3.2.2/lib "gcc -I/Users/yannakoun/.rvm/rubies/ruby-3.2.2/include/ruby-3.2.0/arm64-darwin22 -I/Users/yannakoun/.rvm/rubies/ruby-3.2.2/include/ruby-3.2.0/ruby/backward -I/Users/yannakoun/.rvm/rubies/ruby-3.2.2/include/ruby-3.2.0 -I. -I/Users/yannakoun/Project/Perso/exo-jc/.vendor/ruby/3.2.0/gems/prism-0.30.0/include -D_XOPEN_SOURCE -D_DARWIN_C_SOURCE -D_DARWIN_UNLIMITED_SELECT -D_REENTRANT   -O3 -I/opt/homebrew/opt/libyaml/include -I/opt/homebrew/opt/libksba/include -I/opt/homebrew/opt/readline/include -I/opt/homebrew/opt/zlib/include -I/opt/homebrew/opt/openssl@1.1/include -fdeclspec -O3 -fno-fast-math -ggdb3 -Wall -Wextra -Wextra-tokens -Wdeprecated-declarations -Wdivision-by-zero -Wdiv-by-zero -Wimplicit-function-declaration -Wimplicit-int -Wmisleading-indentation -Wpointer-arith -Wshorten-64-to-32 -Wwrite-strings -Wold-style-definition -Wmissing-noreturn -Wno-cast-function-type -Wno-constant-logical-operand -Wno-long-long -Wno-missing-field-initializers -Wno-overlength-strings -Wno-parentheses-equality -Wno-self-assign -Wno-tautological-compare -Wno-unused-parameter -Wno-unused-value -Wunused-variable -Wundef -fno-common -pipe   -c conftest.c"
conftest.c:3:10: fatal error: 'prism/extension.h' file not found
#include <prism/extension.h>
         ^~~~~~~~~~~~~~~~~~~
1 error generated.
checked program was:
/* begin */
1: #include "ruby.h"
2: 
3: #include <prism/extension.h>
/* end */

DYLD_FALLBACK_LIBRARY_PATH=.:/Users/yannakoun/.rvm/rubies/ruby-3.2.2/lib "gcc -I/Users/yannakoun/.rvm/rubies/ruby-3.2.2/include/ruby-3.2.0/arm64-darwin22 -I/Users/yannakoun/.rvm/rubies/ruby-3.2.2/include/ruby-3.2.0/ruby/backward -I/Users/yannakoun/.rvm/rubies/ruby-3.2.2/include/ruby-3.2.0 -I. -I/Users/yannakoun/Project/Perso/exo-jc/.vendor/ruby/3.2.0/gems/prism-0.30.0/include -D_XOPEN_SOURCE -D_DARWIN_C_SOURCE -D_DARWIN_UNLIMITED_SELECT -D_REENTRANT   -O3 -I/opt/homebrew/opt/libyaml/include -I/opt/homebrew/opt/libksba/include -I/opt/homebrew/opt/readline/include -I/opt/homebrew/opt/zlib/include -I/opt/homebrew/opt/openssl@1.1/include -fdeclspec -O3 -fno-fast-math -ggdb3 -Wall -Wextra -Wextra-tokens -Wdeprecated-declarations -Wdivision-by-zero -Wdiv-by-zero -Wimplicit-function-declaration -Wimplicit-int -Wmisleading-indentation -Wpointer-arith -Wshorten-64-to-32 -Wwrite-strings -Wold-style-definition -Wmissing-noreturn -Wno-cast-function-type -Wno-constant-logical-operand -Wno-long-long -Wno-missing-field-initializers -Wno-overlength-strings -Wno-parentheses-equality -Wno-self-assign -Wno-tautological-compare -Wno-unused-parameter -Wno-unused-value -Wunused-variable -Wundef -fno-common -pipe  -I/Users/yannakoun/Project/Perso/exo-jc/.vendor/ruby/3.2.0/gems/prism-0.30.0/ext -c conftest.c"
checked program was:
/* begin */
1: #include "ruby.h"
2: 
3: #include <prism/extension.h>
/* end */

--------------------

block in append_cflags: checking for whether -fvisibility=hidden is accepted as CFLAGS... -------------------- yes

DYLD_FALLBACK_LIBRARY_PATH=.:/Users/yannakoun/.rvm/rubies/ruby-3.2.2/lib "gcc -I/Users/yannakoun/.rvm/rubies/ruby-3.2.2/include/ruby-3.2.0/arm64-darwin22 -I/Users/yannakoun/.rvm/rubies/ruby-3.2.2/include/ruby-3.2.0/ruby/backward -I/Users/yannakoun/.rvm/rubies/ruby-3.2.2/include/ruby-3.2.0 -I. -I/Users/yannakoun/Project/Perso/exo-jc/.vendor/ruby/3.2.0/gems/prism-0.30.0/include -I/Users/yannakoun/Project/Perso/exo-jc/.vendor/ruby/3.2.0/gems/prism-0.30.0/ext -D_XOPEN_SOURCE -D_DARWIN_C_SOURCE -D_DARWIN_UNLIMITED_SELECT -D_REENTRANT   -O3 -I/opt/homebrew/opt/libyaml/include -I/opt/homebrew/opt/libksba/include -I/opt/homebrew/opt/readline/include -I/opt/homebrew/opt/zlib/include -I/opt/homebrew/opt/openssl@1.1/include -fdeclspec -O3 -fno-fast-math -ggdb3 -Wall -Wextra -Wextra-tokens -Wdeprecated-declarations -Wdivision-by-zero -Wdiv-by-zero -Wimplicit-function-declaration -Wimplicit-int -Wmisleading-indentation -Wpointer-arith -Wshorten-64-to-32 -Wwrite-strings -Wold-style-definition -Wmissing-noreturn -Wno-cast-function-type -Wno-constant-logical-operand -Wno-long-long -Wno-missing-field-initializers -Wno-overlength-strings -Wno-parentheses-equality -Wno-self-assign -Wno-tautological-compare -Wno-unused-parameter -Wno-unused-value -Wunused-variable -Wundef -fno-common -pipe  -fvisibility=hidden -Werror -c conftest.c"
checked program was:
/* begin */
1: #include "ruby.h"
2: 
3: int main(int argc, char **argv)
4: {
5:   return !!argv[argc];
6: }
/* end */

--------------------

